<?xml version="1.0" encoding="UTF-8"?>
<!-- Generated by org.testng.reporters.JUnitXMLReporter -->
<testsuite ignored="0" hostname="HAT" failures="0" tests="12" name="Surefire test" time="7.517" errors="0" timestamp="2023-10-24T10:04:59 CDT">
  <testcase classname="api.test.DDUserTest" name="ddCreateUser" time="2.241"/>
  <testcase classname="api.test.DDUserTest" name="ddCreateUser" time="0.256"/>
  <testcase classname="api.test.DDUserTest" name="ddCreateUser" time="0.261"/>
  <testcase classname="api.test.DDUserTest" name="ddDeleteUser" time="0.307"/>
  <testcase classname="api.test.DDUserTest" name="ddDeleteUser" time="0.244"/>
  <testcase classname="api.test.DDUserTest" name="ddDeleteUser" time="0.232"/>
  <testcase classname="api.test.UserTest" name="testCreateUser" time="0.268"/>
  <testcase classname="api.test.UserTest" name="testGetUserByName" time="0.271"/>
  <testcase classname="api.test.UserTest" name="testUpdateUser" time="0.545"/>
  <testcase classname="api.test.UserTest" name="testDeleteUser" time="0.3"/>
  <testcase classname="tests.TestExample" name="test_1" time="0.198"/>
  <testcase classname="tests.TestExample" name="test_2" time="0.854"/>
</testsuite> <!-- Surefire test -->
