<?xml version="1.0" encoding="UTF-8"?>
<!-- Generated by org.testng.reporters.JUnitXMLReporter -->
<testsuite ignored="0" hostname="HAT" failures="0" tests="6" name="Default test" time="4.718" errors="0" timestamp="2023-10-20T12:35:10 CDT">
  <testcase classname="api.test.DDUserTest" name="ddCreateUser" time="2.093"/>
  <testcase classname="api.test.DDUserTest" name="ddCreateUser" time="0.301"/>
  <testcase classname="api.test.DDUserTest" name="ddCreateUser" time="0.267"/>
  <testcase classname="api.test.DDUserTest" name="ddDeleteUser" time="0.328"/>
  <testcase classname="api.test.DDUserTest" name="ddDeleteUser" time="0.249"/>
  <testcase classname="api.test.DDUserTest" name="ddDeleteUser" time="0.285"/>
</testsuite> <!-- Default test -->
