<?xml version="1.0" encoding="UTF-8"?>
<!-- Generated by org.testng.reporters.JUnitXMLReporter -->
<testsuite ignored="0" hostname="HAT" failures="0" tests="6" name="Default test" time="5.181" errors="0" timestamp="2024-05-10T22:54:10 CDT">
  <testcase classname="api.test.DDUserTest" name="ddCreateUser" time="2.39"/>
  <testcase classname="api.test.DDUserTest" name="ddCreateUser" time="0.298"/>
  <testcase classname="api.test.DDUserTest" name="ddCreateUser" time="0.417"/>
  <testcase classname="api.test.DDUserTest" name="ddDeleteUser" time="0.275"/>
  <testcase classname="api.test.DDUserTest" name="ddDeleteUser" time="0.305"/>
  <testcase classname="api.test.DDUserTest" name="ddDeleteUser" time="0.233"/>
</testsuite> <!-- Default test -->
