<?xml version="1.0" encoding="UTF-8"?>
<!-- Generated by org.testng.reporters.JUnitXMLReporter -->
<testsuite ignored="0" hostname="HAT" failures="1" tests="2" name="FirefoxTest" time="83.587" errors="0" timestamp="2024-05-13T16:34:37 CDT">
  <testcase classname="demo.AutomationTest" name="getFreshworkFooterInfo" time="0.339">
    <failure type="org.openqa.selenium.StaleElementReferenceException" message="The element with the reference 92a3cd94-5727-40fb-a4f6-61299a220761 is stale; either its node document is not the active document, or it is no longer connected to the DOM
For documentation on this error, please visit: https://www.selenium.dev/documentation/webdriver/troubleshooting/errors#stale-element-reference-exception
Build info: version: &amp;apos;4.15.0&amp;apos;, revision: &amp;apos;1d14b5521b&amp;apos;
System info: os.name: &amp;apos;Windows 11&amp;apos;, os.arch: &amp;apos;amd64&amp;apos;, os.version: &amp;apos;10.0&amp;apos;, java.version: &amp;apos;11.0.18&amp;apos;
Driver info: org.openqa.selenium.remote.RemoteWebDriver
Command: [ec4c83ca-4e42-415b-91a4-794ad230ebb4, getElementText {id=92a3cd94-5727-40fb-a4f6-61299a220761}]
Capabilities {acceptInsecureCerts: false, browserName: firefox, browserVersion: 126.0, moz:accessibilityChecks: false, moz:buildID: 20240503091735, moz:geckodriverVersion: 0.34.0, moz:headless: false, moz:platformVersion: 5.15.0-1004-aws, moz:processID: 272, moz:profile: /tmp/rust_mozprofileugoYVS, moz:shutdownTimeout: 60000, moz:webdriverClick: true, moz:windowless: false, pageLoadStrategy: normal, platformName: linux, proxy: Proxy(), se:bidiEnabled: false, se:cdp: ws://172.18.0.3:4444/sessio..., se:noVncPort: 7900, se:vnc: ws://172.18.0.3:4444/sessio..., se:vncEnabled: true, se:vncLocalAddress: ws://172.18.0.3:7900, setWindowRect: true, strictFileInteractability: false, timeouts: {implicit: 0, pageLoad: 300000, script: 30000}, unhandledPromptBehavior: dismiss and notify, userAgent: Mozilla/5.0 (X11; Linux x86...}
Element: [[RemoteWebDriver: firefox on linux (ec4c83ca-4e42-415b-91a4-794ad230ebb4)] -&amp;gt; xpath: //ul/li[contains(@class,&amp;apos;sc-6293d692-0 eNMhGa&amp;apos;)]]
Session ID: ec4c83ca-4e42-415b-91a4-794ad230ebb4">
      <![CDATA[org.openqa.selenium.StaleElementReferenceException: The element with the reference 92a3cd94-5727-40fb-a4f6-61299a220761 is stale; either its node document is not the active document, or it is no longer connected to the DOM
For documentation on this error, please visit: https://www.selenium.dev/documentation/webdriver/troubleshooting/errors#stale-element-reference-exception
Build info: version: '4.15.0', revision: '1d14b5521b'
System info: os.name: 'Windows 11', os.arch: 'amd64', os.version: '10.0', java.version: '11.0.18'
Driver info: org.openqa.selenium.remote.RemoteWebDriver
Command: [ec4c83ca-4e42-415b-91a4-794ad230ebb4, getElementText {id=92a3cd94-5727-40fb-a4f6-61299a220761}]
Capabilities {acceptInsecureCerts: false, browserName: firefox, browserVersion: 126.0, moz:accessibilityChecks: false, moz:buildID: 20240503091735, moz:geckodriverVersion: 0.34.0, moz:headless: false, moz:platformVersion: 5.15.0-1004-aws, moz:processID: 272, moz:profile: /tmp/rust_mozprofileugoYVS, moz:shutdownTimeout: 60000, moz:webdriverClick: true, moz:windowless: false, pageLoadStrategy: normal, platformName: linux, proxy: Proxy(), se:bidiEnabled: false, se:cdp: ws://172.18.0.3:4444/sessio..., se:noVncPort: 7900, se:vnc: ws://172.18.0.3:4444/sessio..., se:vncEnabled: true, se:vncLocalAddress: ws://172.18.0.3:7900, setWindowRect: true, strictFileInteractability: false, timeouts: {implicit: 0, pageLoad: 300000, script: 30000}, unhandledPromptBehavior: dismiss and notify, userAgent: Mozilla/5.0 (X11; Linux x86...}
Element: [[RemoteWebDriver: firefox on linux (ec4c83ca-4e42-415b-91a4-794ad230ebb4)] -> xpath: //ul/li[contains(@class,'sc-6293d692-0 eNMhGa')]]
Session ID: ec4c83ca-4e42-415b-91a4-794ad230ebb4
at org.openqa.selenium.remote.codec.w3c.W3CHttpResponseCodec.createException(W3CHttpResponseCodec.java:200)
at org.openqa.selenium.remote.codec.w3c.W3CHttpResponseCodec.decode(W3CHttpResponseCodec.java:133)
at org.openqa.selenium.remote.codec.w3c.W3CHttpResponseCodec.decode(W3CHttpResponseCodec.java:52)
at org.openqa.selenium.remote.HttpCommandExecutor.execute(HttpCommandExecutor.java:191)
at org.openqa.selenium.remote.TracedCommandExecutor.execute(TracedCommandExecutor.java:51)
at org.openqa.selenium.remote.RemoteWebDriver.execute(RemoteWebDriver.java:607)
at org.openqa.selenium.remote.RemoteWebElement.execute(RemoteWebElement.java:224)
at org.openqa.selenium.remote.RemoteWebElement.getText(RemoteWebElement.java:192)
at demo.AutomationTest.getFreshworkFooterInfo(AutomationTest.java:64)
at java.base/java.util.ArrayList.forEach(ArrayList.java:1541)
... Removed 31 stack frames]]>
    </failure>
  </testcase> <!-- getFreshworkFooterInfo -->
  <testcase classname="demo.AutomationTest" name="getFreshworkTitleInfo" time="0.195"/>
</testsuite> <!-- FirefoxTest -->
