<?xml version="1.0" encoding="UTF-8"?>
<testsuite xmlns:xsi="http://www.w3.org/2001/XMLSchema-instance" xsi:noNamespaceSchemaLocation="https://maven.apache.org/surefire/maven-surefire-plugin/xsd/surefire-test-report-3.0.xsd" version="3.0" name="TestSuite" time="7.956" tests="12" errors="0" skipped="0" failures="0">
  <properties>
[...]
</properties>
  <testcase name="ddCreateUser[1015, LOWER(C2), Asif, Azhar, masifazhar@yopmail.com, asdjcd123, 123-456-7890](1)" classname="api.test.DDUserTest" time="2.233">
    <system-out><![CDATA[1015
LOWER(C2)
Asif
Azhar
masifazhar@yopmail.com
asdjcd123
123-456-7890
1025
LOWER(C3)
Tanwir
Fatima
tfatima@yopmail.com
rfd3456gh
123-456-7891
1035
LOWER(C4)
Hamd
Azhar
mhamdazhar@gmail.com
fg3345hbff
123-456-7892
HTTP/1.1 200 OK
Date: Tue, 24 Oct 2023 15:04:56 GMT
Content-Type: application/json
Transfer-Encoding: chunked
Connection: keep-alive
Access-Control-Allow-Origin: *
Access-Control-Allow-Methods: GET, POST, DELETE, PUT
Access-Control-Allow-Headers: Content-Type, api_key, Authorization
Server: Jetty(9.2.9.v20150224)

{
    "code": 200,
    "type": "unknown",
    "message": "1015"
}
]]></system-out>
    <system-err><![CDATA[SLF4J: Failed to load class "org.slf4j.impl.StaticLoggerBinder".
SLF4J: Defaulting to no-operation (NOP) logger implementation
SLF4J: See http://www.slf4j.org/codes.html#StaticLoggerBinder for further details.
ERROR StatusLogger Log4j2 could not find a logging implementation. Please add log4j-core to the classpath. Using SimpleLogger to log to the console...
]]></system-err>
  </testcase>
  <testcase name="ddCreateUser[1025, LOWER(C3), Tanwir, Fatima, tfatima@yopmail.com, rfd3456gh, 123-456-7891](2)" classname="api.test.DDUserTest" time="0.258">
    <system-out><![CDATA[HTTP/1.1 200 OK
Date: Tue, 24 Oct 2023 15:04:57 GMT
Content-Type: application/json
Transfer-Encoding: chunked
Connection: keep-alive
Access-Control-Allow-Origin: *
Access-Control-Allow-Methods: GET, POST, DELETE, PUT
Access-Control-Allow-Headers: Content-Type, api_key, Authorization
Server: Jetty(9.2.9.v20150224)

{
    "code": 200,
    "type": "unknown",
    "message": "1025"
}
]]></system-out>
  </testcase>
  <testcase name="ddCreateUser[1035, LOWER(C4), Hamd, Azhar, mhamdazhar@gmail.com, fg3345hbff, 123-456-7892](3)" classname="api.test.DDUserTest" time="0.26">
    <system-out><![CDATA[HTTP/1.1 200 OK
Date: Tue, 24 Oct 2023 15:04:57 GMT
Content-Type: application/json
Transfer-Encoding: chunked
Connection: keep-alive
Access-Control-Allow-Origin: *
Access-Control-Allow-Methods: GET, POST, DELETE, PUT
Access-Control-Allow-Headers: Content-Type, api_key, Authorization
Server: Jetty(9.2.9.v20150224)

{
    "code": 200,
    "type": "unknown",
    "message": "1035"
}
]]></system-out>
  </testcase>
  <testcase name="ddDeleteUser[LOWER(C2)](1)" classname="api.test.DDUserTest" time="0.307">
    <system-out><![CDATA[LOWER(C2)
LOWER(C3)
LOWER(C4)
HTTP/1.1 200 OK
Date: Tue, 24 Oct 2023 15:04:57 GMT
Content-Type: application/json
Transfer-Encoding: chunked
Connection: keep-alive
Access-Control-Allow-Origin: *
Access-Control-Allow-Methods: GET, POST, DELETE, PUT
Access-Control-Allow-Headers: Content-Type, api_key, Authorization
Server: Jetty(9.2.9.v20150224)

{
    "id": 1015,
    "username": "LOWER(C2)",
    "firstName": "Asif",
    "lastName": "Azhar",
    "email": "masifazhar@yopmail.com",
    "password": "asdjcd123",
    "phone": "123-456-7890",
    "userStatus": 0
}
]]></system-out>
  </testcase>
  <testcase name="ddDeleteUser[LOWER(C3)](2)" classname="api.test.DDUserTest" time="0.244">
    <system-out><![CDATA[HTTP/1.1 200 OK
Date: Tue, 24 Oct 2023 15:04:58 GMT
Content-Type: application/json
Transfer-Encoding: chunked
Connection: keep-alive
Access-Control-Allow-Origin: *
Access-Control-Allow-Methods: GET, POST, DELETE, PUT
Access-Control-Allow-Headers: Content-Type, api_key, Authorization
Server: Jetty(9.2.9.v20150224)

{
    "id": 1025,
    "username": "LOWER(C3)",
    "firstName": "Tanwir",
    "lastName": "Fatima",
    "email": "tfatima@yopmail.com",
    "password": "rfd3456gh",
    "phone": "123-456-7891",
    "userStatus": 0
}
]]></system-out>
  </testcase>
  <testcase name="ddDeleteUser[LOWER(C4)](3)" classname="api.test.DDUserTest" time="0.232">
    <system-out><![CDATA[HTTP/1.1 200 OK
Date: Tue, 24 Oct 2023 15:04:58 GMT
Content-Type: application/json
Transfer-Encoding: chunked
Connection: keep-alive
Access-Control-Allow-Origin: *
Access-Control-Allow-Methods: GET, POST, DELETE, PUT
Access-Control-Allow-Headers: Content-Type, api_key, Authorization
Server: Jetty(9.2.9.v20150224)

{
    "id": 1035,
    "username": "LOWER(C4)",
    "firstName": "Hamd",
    "lastName": "Azhar",
    "email": "mhamdazhar@gmail.com",
    "password": "fg3345hbff",
    "phone": "123-456-7892",
    "userStatus": 0
}
]]></system-out>
  </testcase>
  <testcase name="testCreateUser" classname="api.test.UserTest" time="0.27">
    <system-out><![CDATA[HTTP/1.1 200 OK
Date: Tue, 24 Oct 2023 15:04:58 GMT
Content-Type: application/json
Transfer-Encoding: chunked
Connection: keep-alive
Access-Control-Allow-Origin: *
Access-Control-Allow-Methods: GET, POST, DELETE, PUT
Access-Control-Allow-Headers: Content-Type, api_key, Authorization
Server: Jetty(9.2.9.v20150224)

{
    "code": 200,
    "type": "unknown",
    "message": "1844941220"
}
]]></system-out>
  </testcase>
  <testcase name="testGetUserByName" classname="api.test.UserTest" time="0.273">
    <system-out><![CDATA[HTTP/1.1 200 OK
Date: Tue, 24 Oct 2023 15:04:58 GMT
Content-Type: application/json
Transfer-Encoding: chunked
Connection: keep-alive
Access-Control-Allow-Origin: *
Access-Control-Allow-Methods: GET, POST, DELETE, PUT
Access-Control-Allow-Headers: Content-Type, api_key, Authorization
Server: Jetty(9.2.9.v20150224)

{
    "id": 1844941220,
    "username": "samuel.daniel",
    "firstName": "Krystal",
    "lastName": "Effertz",
    "email": "francesco.gottlieb@example.com",
    "password": "dzt4a69mc",
    "phone": "1-329-240-9366",
    "userStatus": 0
}
]]></system-out>
  </testcase>
  <testcase name="testUpdateUser" classname="api.test.UserTest" time="0.545">
    <system-out><![CDATA[HTTP/1.1 200 OK
Date: Tue, 24 Oct 2023 15:04:59 GMT
Content-Type: application/json
Transfer-Encoding: chunked
Connection: keep-alive
Access-Control-Allow-Origin: *
Access-Control-Allow-Methods: GET, POST, DELETE, PUT
Access-Control-Allow-Headers: Content-Type, api_key, Authorization
Server: Jetty(9.2.9.v20150224)

{
    "code": 200,
    "type": "unknown",
    "message": "1844941220"
}
HTTP/1.1 200 OK
Date: Tue, 24 Oct 2023 15:04:59 GMT
Content-Type: application/json
Transfer-Encoding: chunked
Connection: keep-alive
Access-Control-Allow-Origin: *
Access-Control-Allow-Methods: GET, POST, DELETE, PUT
Access-Control-Allow-Headers: Content-Type, api_key, Authorization
Server: Jetty(9.2.9.v20150224)

{
    "id": 1844941220,
    "username": "samuel.daniel",
    "firstName": "Donald",
    "lastName": "Kozey",
    "email": "dodie.donnelly@example.com",
    "password": "rr9xq7og6",
    "phone": "1-329-240-9366",
    "userStatus": 0
}
]]></system-out>
  </testcase>
  <testcase name="testDeleteUser" classname="api.test.UserTest" time="0.303">
    <system-out><![CDATA[HTTP/1.1 200 OK
Date: Tue, 24 Oct 2023 15:04:59 GMT
Content-Type: application/json
Transfer-Encoding: chunked
Connection: keep-alive
Access-Control-Allow-Origin: *
Access-Control-Allow-Methods: GET, POST, DELETE, PUT
Access-Control-Allow-Headers: Content-Type, api_key, Authorization
Server: Jetty(9.2.9.v20150224)

{
    "id": 1844941220,
    "username": "samuel.daniel",
    "firstName": "Donald",
    "lastName": "Kozey",
    "email": "dodie.donnelly@example.com",
    "password": "rr9xq7og6",
    "phone": "1-329-240-9366",
    "userStatus": 0
}
]]></system-out>
  </testcase>
  <testcase name="test_1" classname="tests.TestExample" time="0.198">
    <system-out><![CDATA[200
190
]]></system-out>
  </testcase>
  <testcase name="test_2" classname="tests.TestExample" time="0.854">
    <system-out><![CDATA[HTTP/1.1 200 OK
Date: Tue, 24 Oct 2023 15:05:00 GMT
Content-Type: application/json; charset=utf-8
Transfer-Encoding: chunked
Connection: keep-alive
Report-To: {"group":"heroku-nel","max_age":3600,"endpoints":[{"url":"https://nel.heroku.com/reports?ts=1697111255&sid=c4c9725f-1ab0-44d8-820f-430df2718e11&s=9Ol5mOGh0ZYDkduJ3nEVekGVLAAMfqyBIrN4PuZhJVY%3D"}]}
Reporting-Endpoints: heroku-nel=https://nel.heroku.com/reports?ts=1697111255&sid=c4c9725f-1ab0-44d8-820f-430df2718e11&s=9Ol5mOGh0ZYDkduJ3nEVekGVLAAMfqyBIrN4PuZhJVY%3D
Nel: {"report_to":"heroku-nel","max_age":3600,"success_fraction":0.005,"failure_fraction":0.05,"response_headers":["Via"]}
X-Powered-By: Express
Access-Control-Allow-Origin: *
Etag: W/"406-ut0vzoCuidvyMf8arZpMpJ6ZRDw"
Via: 1.1 vegur
Cache-Control: max-age=14400
CF-Cache-Status: HIT
Age: 4038
Vary: Accept-Encoding
Server: cloudflare
CF-RAY: 81b31d8fd8d4e1e3-ORD
Content-Encoding: gzip

{
    "page": 2,
    "per_page": 6,
    "total": 12,
    "total_pages": 2,
    "data": [
        {
            "id": 7,
            "email": "michael.lawson@reqres.in",
            "first_name": "Michael",
            "last_name": "Lawson",
            "avatar": "https://reqres.in/img/faces/7-image.jpg"
        },
        {
            "id": 8,
            "email": "lindsay.ferguson@reqres.in",
            "first_name": "Lindsay",
            "last_name": "Ferguson",
            "avatar": "https://reqres.in/img/faces/8-image.jpg"
        },
        {
            "id": 9,
            "email": "tobias.funke@reqres.in",
            "first_name": "Tobias",
            "last_name": "Funke",
            "avatar": "https://reqres.in/img/faces/9-image.jpg"
        },
        {
            "id": 10,
            "email": "byron.fields@reqres.in",
            "first_name": "Byron",
            "last_name": "Fields",
            "avatar": "https://reqres.in/img/faces/10-image.jpg"
        },
        {
            "id": 11,
            "email": "george.edwards@reqres.in",
            "first_name": "George",
            "last_name": "Edwards",
            "avatar": "https://reqres.in/img/faces/11-image.jpg"
        },
        {
            "id": 12,
            "email": "rachel.howell@reqres.in",
            "first_name": "Rachel",
            "last_name": "Howell",
            "avatar": "https://reqres.in/img/faces/12-image.jpg"
        }
    ],
    "support": {
        "url": "https://reqres.in/#support-heading",
        "text": "To keep ReqRes free, contributions towards server costs are appreciated!"
    }
}
]]></system-out>
  </testcase>
</testsuite>