<?xml version="1.0" encoding="UTF-8"?>
<testng-results ignored="0" total="12" passed="12" failed="0" skipped="0">
  <reporter-output>
  </reporter-output>
  <suite started-at="2023-10-24T10:04:51 CDT" name="Surefire suite" finished-at="2023-10-24T10:04:59 CDT" duration-ms="7517">
    <groups>
    </groups>
    <test started-at="2023-10-24T10:04:51 CDT" name="Surefire test" finished-at="2023-10-24T10:04:59 CDT" duration-ms="7517">
      <class name="api.test.UserTest">
        <test-method is-config="true" signature="setupData()[pri:0, instance:api.test.UserTest@10feca44]" started-at="2023-10-24T10:04:56 CDT" name="setupData" finished-at="2023-10-24T10:04:57 CDT" duration-ms="190" status="PASS">
          <reporter-output>
          </reporter-output>
        </test-method> <!-- setupData -->
        <test-method signature="testCreateUser()[pri:1, instance:api.test.UserTest@10feca44]" started-at="2023-10-24T10:04:57 CDT" name="testCreateUser" finished-at="2023-10-24T10:04:57 CDT" duration-ms="268" status="PASS">
          <reporter-output>
          </reporter-output>
        </test-method> <!-- testCreateUser -->
        <test-method signature="testGetUserByName()[pri:2, instance:api.test.UserTest@10feca44]" started-at="2023-10-24T10:04:57 CDT" name="testGetUserByName" finished-at="2023-10-24T10:04:57 CDT" duration-ms="271" status="PASS">
          <reporter-output>
          </reporter-output>
        </test-method> <!-- testGetUserByName -->
        <test-method signature="testUpdateUser()[pri:3, instance:api.test.UserTest@10feca44]" started-at="2023-10-24T10:04:57 CDT" name="testUpdateUser" finished-at="2023-10-24T10:04:58 CDT" duration-ms="545" status="PASS">
          <reporter-output>
          </reporter-output>
        </test-method> <!-- testUpdateUser -->
        <test-method signature="testDeleteUser()[pri:4, instance:api.test.UserTest@10feca44]" started-at="2023-10-24T10:04:58 CDT" name="testDeleteUser" finished-at="2023-10-24T10:04:58 CDT" duration-ms="300" status="PASS">
          <reporter-output>
          </reporter-output>
        </test-method> <!-- testDeleteUser -->
      </class> <!-- api.test.UserTest -->
      <class name="tests.TestExample">
        <test-method signature="test_1()[pri:0, instance:tests.TestExample@3fb1549b]" started-at="2023-10-24T10:04:58 CDT" name="test_1" finished-at="2023-10-24T10:04:58 CDT" duration-ms="198" status="PASS">
          <reporter-output>
          </reporter-output>
        </test-method> <!-- test_1 -->
        <test-method signature="test_2()[pri:0, instance:tests.TestExample@3fb1549b]" started-at="2023-10-24T10:04:58 CDT" name="test_2" finished-at="2023-10-24T10:04:59 CDT" duration-ms="854" status="PASS">
          <reporter-output>
          </reporter-output>
        </test-method> <!-- test_2 -->
      </class> <!-- tests.TestExample -->
      <class name="api.test.DDUserTest">
        <test-method signature="ddCreateUser(java.lang.String,java.lang.String,java.lang.String,java.lang.String,java.lang.String,java.lang.String,java.lang.String)[pri:1, instance:api.test.DDUserTest@c333c60]" started-at="2023-10-24T10:04:53 CDT" name="ddCreateUser" data-provider="Data" finished-at="2023-10-24T10:04:55 CDT" duration-ms="2241" status="PASS">
          <params>
            <param index="0">
              <value>
                <![CDATA[1015]]>
              </value>
            </param>
            <param index="1">
              <value>
                <![CDATA[LOWER(C2)]]>
              </value>
            </param>
            <param index="2">
              <value>
                <![CDATA[Asif]]>
              </value>
            </param>
            <param index="3">
              <value>
                <![CDATA[Azhar]]>
              </value>
            </param>
            <param index="4">
              <value>
                <![CDATA[masifazhar@yopmail.com]]>
              </value>
            </param>
            <param index="5">
              <value>
                <![CDATA[asdjcd123]]>
              </value>
            </param>
            <param index="6">
              <value>
                <![CDATA[123-456-7890]]>
              </value>
            </param>
          </params>
          <reporter-output>
          </reporter-output>
        </test-method> <!-- ddCreateUser -->
        <test-method signature="ddCreateUser(java.lang.String,java.lang.String,java.lang.String,java.lang.String,java.lang.String,java.lang.String,java.lang.String)[pri:1, instance:api.test.DDUserTest@c333c60]" started-at="2023-10-24T10:04:55 CDT" name="ddCreateUser" data-provider="Data" finished-at="2023-10-24T10:04:55 CDT" duration-ms="256" status="PASS">
          <params>
            <param index="0">
              <value>
                <![CDATA[1025]]>
              </value>
            </param>
            <param index="1">
              <value>
                <![CDATA[LOWER(C3)]]>
              </value>
            </param>
            <param index="2">
              <value>
                <![CDATA[Tanwir]]>
              </value>
            </param>
            <param index="3">
              <value>
                <![CDATA[Fatima]]>
              </value>
            </param>
            <param index="4">
              <value>
                <![CDATA[tfatima@yopmail.com]]>
              </value>
            </param>
            <param index="5">
              <value>
                <![CDATA[rfd3456gh]]>
              </value>
            </param>
            <param index="6">
              <value>
                <![CDATA[123-456-7891]]>
              </value>
            </param>
          </params>
          <reporter-output>
          </reporter-output>
        </test-method> <!-- ddCreateUser -->
        <test-method signature="ddCreateUser(java.lang.String,java.lang.String,java.lang.String,java.lang.String,java.lang.String,java.lang.String,java.lang.String)[pri:1, instance:api.test.DDUserTest@c333c60]" started-at="2023-10-24T10:04:55 CDT" name="ddCreateUser" data-provider="Data" finished-at="2023-10-24T10:04:55 CDT" duration-ms="261" status="PASS">
          <params>
            <param index="0">
              <value>
                <![CDATA[1035]]>
              </value>
            </param>
            <param index="1">
              <value>
                <![CDATA[LOWER(C4)]]>
              </value>
            </param>
            <param index="2">
              <value>
                <![CDATA[Hamd]]>
              </value>
            </param>
            <param index="3">
              <value>
                <![CDATA[Azhar]]>
              </value>
            </param>
            <param index="4">
              <value>
                <![CDATA[mhamdazhar@gmail.com]]>
              </value>
            </param>
            <param index="5">
              <value>
                <![CDATA[fg3345hbff]]>
              </value>
            </param>
            <param index="6">
              <value>
                <![CDATA[123-456-7892]]>
              </value>
            </param>
          </params>
          <reporter-output>
          </reporter-output>
        </test-method> <!-- ddCreateUser -->
        <test-method signature="ddDeleteUser(java.lang.String)[pri:2, instance:api.test.DDUserTest@c333c60]" started-at="2023-10-24T10:04:56 CDT" name="ddDeleteUser" data-provider="UserNames" finished-at="2023-10-24T10:04:56 CDT" duration-ms="307" status="PASS">
          <params>
            <param index="0">
              <value>
                <![CDATA[LOWER(C2)]]>
              </value>
            </param>
          </params>
          <reporter-output>
          </reporter-output>
        </test-method> <!-- ddDeleteUser -->
        <test-method signature="ddDeleteUser(java.lang.String)[pri:2, instance:api.test.DDUserTest@c333c60]" started-at="2023-10-24T10:04:56 CDT" name="ddDeleteUser" data-provider="UserNames" finished-at="2023-10-24T10:04:56 CDT" duration-ms="244" status="PASS">
          <params>
            <param index="0">
              <value>
                <![CDATA[LOWER(C3)]]>
              </value>
            </param>
          </params>
          <reporter-output>
          </reporter-output>
        </test-method> <!-- ddDeleteUser -->
        <test-method signature="ddDeleteUser(java.lang.String)[pri:2, instance:api.test.DDUserTest@c333c60]" started-at="2023-10-24T10:04:56 CDT" name="ddDeleteUser" data-provider="UserNames" finished-at="2023-10-24T10:04:56 CDT" duration-ms="232" status="PASS">
          <params>
            <param index="0">
              <value>
                <![CDATA[LOWER(C4)]]>
              </value>
            </param>
          </params>
          <reporter-output>
          </reporter-output>
        </test-method> <!-- ddDeleteUser -->
      </class> <!-- api.test.DDUserTest -->
    </test> <!-- Surefire test -->
  </suite> <!-- Surefire suite -->
</testng-results>
