<?xml version="1.0" encoding="UTF-8"?>
<testng-results ignored="0" total="4" passed="4" failed="0" skipped="0">
  <reporter-output>
  </reporter-output>
  <suite started-at="2023-10-22T00:03:05 CDT" name="PetStoreSuite" finished-at="2023-10-22T00:03:09 CDT" duration-ms="4304">
    <groups>
    </groups>
    <test started-at="2023-10-22T00:03:05 CDT" name="PetStoreUser" finished-at="2023-10-22T00:03:09 CDT" duration-ms="4304">
      <class name="api.test.UserTest">
        <test-method is-config="true" signature="setupData()[pri:0, instance:api.test.UserTest@18df8434]" started-at="2023-10-22T00:03:05 CDT" name="setupData" finished-at="2023-10-22T00:03:05 CDT" duration-ms="267" status="PASS">
          <reporter-output>
          </reporter-output>
        </test-method> <!-- setupData -->
        <test-method signature="testCreateUser()[pri:1, instance:api.test.UserTest@18df8434]" started-at="2023-10-22T00:03:05 CDT" name="testCreateUser" finished-at="2023-10-22T00:03:08 CDT" duration-ms="2768" status="PASS">
          <reporter-output>
          </reporter-output>
        </test-method> <!-- testCreateUser -->
        <test-method signature="testGetUserByName()[pri:2, instance:api.test.UserTest@18df8434]" started-at="2023-10-22T00:03:08 CDT" name="testGetUserByName" finished-at="2023-10-22T00:03:08 CDT" duration-ms="343" status="PASS">
          <reporter-output>
          </reporter-output>
        </test-method> <!-- testGetUserByName -->
        <test-method signature="testUpdateUser()[pri:3, instance:api.test.UserTest@18df8434]" started-at="2023-10-22T00:03:08 CDT" name="testUpdateUser" finished-at="2023-10-22T00:03:09 CDT" duration-ms="599" status="PASS">
          <reporter-output>
          </reporter-output>
        </test-method> <!-- testUpdateUser -->
        <test-method signature="testDeleteUser()[pri:4, instance:api.test.UserTest@18df8434]" started-at="2023-10-22T00:03:09 CDT" name="testDeleteUser" finished-at="2023-10-22T00:03:09 CDT" duration-ms="247" status="PASS">
          <reporter-output>
          </reporter-output>
        </test-method> <!-- testDeleteUser -->
      </class> <!-- api.test.UserTest -->
    </test> <!-- PetStoreUser -->
  </suite> <!-- PetStoreSuite -->
</testng-results>
