<?xml version="1.0" encoding="UTF-8"?>
<!-- Generated by org.testng.reporters.JUnitXMLReporter -->
<testsuite ignored="0" hostname="HAT" failures="4" tests="4" name="PetStoreUser" time="1.065" errors="0" timestamp="2024-05-13T13:27:36 CDT">
  <testcase classname="api.test.UserTest2" name="testCreateUser" time="0.812">
    <failure type="java.util.MissingResourceException" message="Can&amp;apos;t find bundle for base name route, locale en_US">
      <![CDATA[java.util.MissingResourceException: Can't find bundle for base name route, locale en_US
at java.base/java.util.ResourceBundle.throwMissingResourceException(ResourceBundle.java:2055)
at java.base/java.util.ResourceBundle.getBundleImpl(ResourceBundle.java:1689)
at java.base/java.util.ResourceBundle.getBundleImpl(ResourceBundle.java:1593)
at java.base/java.util.ResourceBundle.getBundleImpl(ResourceBundle.java:1556)
at java.base/java.util.ResourceBundle.getBundle(ResourceBundle.java:857)
at api.endpoints.UserEndPoints2.getUrl(UserEndPoints2.java:17)
at api.endpoints.UserEndPoints2.createUser(UserEndPoints2.java:22)
at api.test.UserTest2.testCreateUser(UserTest2.java:31)
at java.base/java.util.ArrayList.forEach(ArrayList.java:1541)
... Removed 27 stack frames]]>
    </failure>
  </testcase> <!-- testCreateUser -->
  <testcase classname="api.test.UserTest2" name="testGetUserByName" time="0.005">
    <failure type="java.util.MissingResourceException" message="Can&amp;apos;t find bundle for base name route, locale en_US">
      <![CDATA[java.util.MissingResourceException: Can't find bundle for base name route, locale en_US
at java.base/java.util.ResourceBundle.throwMissingResourceException(ResourceBundle.java:2055)
at java.base/java.util.ResourceBundle.getBundleImpl(ResourceBundle.java:1689)
at java.base/java.util.ResourceBundle.getBundleImpl(ResourceBundle.java:1593)
at java.base/java.util.ResourceBundle.getBundleImpl(ResourceBundle.java:1556)
at java.base/java.util.ResourceBundle.getBundle(ResourceBundle.java:857)
at api.endpoints.UserEndPoints2.getUrl(UserEndPoints2.java:17)
at api.endpoints.UserEndPoints2.getUser(UserEndPoints2.java:29)
at api.test.UserTest2.testGetUserByName(UserTest2.java:38)
at java.base/java.util.ArrayList.forEach(ArrayList.java:1541)
... Removed 27 stack frames]]>
    </failure>
  </testcase> <!-- testGetUserByName -->
  <testcase classname="api.test.UserTest2" name="testUpdateUser" time="0.005">
    <failure type="java.util.MissingResourceException" message="Can&amp;apos;t find bundle for base name route, locale en_US">
      <![CDATA[java.util.MissingResourceException: Can't find bundle for base name route, locale en_US
at java.base/java.util.ResourceBundle.throwMissingResourceException(ResourceBundle.java:2055)
at java.base/java.util.ResourceBundle.getBundleImpl(ResourceBundle.java:1689)
at java.base/java.util.ResourceBundle.getBundleImpl(ResourceBundle.java:1593)
at java.base/java.util.ResourceBundle.getBundleImpl(ResourceBundle.java:1556)
at java.base/java.util.ResourceBundle.getBundle(ResourceBundle.java:857)
at api.endpoints.UserEndPoints2.getUrl(UserEndPoints2.java:17)
at api.endpoints.UserEndPoints2.upateUser(UserEndPoints2.java:36)
at api.test.UserTest2.testUpdateUser(UserTest2.java:50)
at java.base/java.util.ArrayList.forEach(ArrayList.java:1541)
... Removed 27 stack frames]]>
    </failure>
  </testcase> <!-- testUpdateUser -->
  <testcase classname="api.test.UserTest2" name="testDeleteUser" time="0.001">
    <failure type="java.util.MissingResourceException" message="Can&amp;apos;t find bundle for base name route, locale en_US">
      <![CDATA[java.util.MissingResourceException: Can't find bundle for base name route, locale en_US
at java.base/java.util.ResourceBundle.throwMissingResourceException(ResourceBundle.java:2055)
at java.base/java.util.ResourceBundle.getBundleImpl(ResourceBundle.java:1689)
at java.base/java.util.ResourceBundle.getBundleImpl(ResourceBundle.java:1593)
at java.base/java.util.ResourceBundle.getBundleImpl(ResourceBundle.java:1556)
at java.base/java.util.ResourceBundle.getBundle(ResourceBundle.java:857)
at api.endpoints.UserEndPoints2.getUrl(UserEndPoints2.java:17)
at api.endpoints.UserEndPoints2.deleteUser(UserEndPoints2.java:43)
at api.test.UserTest2.testDeleteUser(UserTest2.java:62)
at java.base/java.util.ArrayList.forEach(ArrayList.java:1541)
... Removed 27 stack frames]]>
    </failure>
  </testcase> <!-- testDeleteUser -->
</testsuite> <!-- PetStoreUser -->
