<?xml version="1.0" encoding="UTF-8"?>
<!-- Generated by org.testng.reporters.JUnitXMLReporter -->
<testsuite ignored="0" hostname="HAT" failures="0" tests="4" name="PetStoreUser" time="4.304" errors="0" timestamp="2023-10-22T00:03:09 CDT">
  <testcase classname="api.test.UserTest" name="testCreateUser" time="2.768"/>
  <testcase classname="api.test.UserTest" name="testGetUserByName" time="0.343"/>
  <testcase classname="api.test.UserTest" name="testUpdateUser" time="0.599"/>
  <testcase classname="api.test.UserTest" name="testDeleteUser" time="0.247"/>
</testsuite> <!-- PetStoreUser -->
